<?xml version="1.0" encoding="UTF-8"?>
<!-- Generated by org.testng.reporters.JUnitReportReporter -->
<testsuite hostname="Kanwar07" failures="0" tests="1" name="TestingVedioGameAPI.TestResponseFromVideoGameDb" time="2.026" errors="0" timestamp="2022-09-22T12:30:06 IST" skipped="0">
  <testcase classname="TestingVedioGameAPI.TestResponseFromVideoGameDb" name="deleteExistingVedioGame" time="2.026"/>
  <system-out/>
</testsuite> <!-- TestingVedioGameAPI.TestResponseFromVideoGameDb -->
